# JRE version: Java(TM) SE Runtime Environment (8.0_25-b18) (build 1.8.0_25-b18)
# Java VM: Java HotSpot(TM) 64-Bit Server VM (25.25-b02 mixed mode windows-amd64 compressed oops)
Heap:
 PSYoungGen      total 55296K, used 18787K [0x00000007bc400000, 0x00000007c0000000, 0x00000007c0000000)
  eden space 49152K, 30% used [0x00000007bc400000,0x00000007bd296598,0x00000007bf400000)
  from space 6144K, 62% used [0x00000007bfa00000,0x00000007bfdc28c0,0x00000007c0000000)
  to   space 6144K, 0% used [0x00000007bf400000,0x00000007bf400000,0x00000007bfa00000)
 ParOldGen       total 141824K, used 47494K [0x0000000700000000, 0x0000000708a80000, 0x00000007bc400000)
  object space 141824K, 33% used [0x0000000700000000,0x0000000702e61b48,0x0000000708a80000)
 Metaspace       used 57625K, capacity 57993K, committed 58624K, reserved 1099776K
  class space    used 8278K, capacity 8349K, committed 8448K, reserved 1048576K
GC Heap History (10 events):
Event: 2161.608 GC heap before
{Heap before GC invocations=119 (full 7):
 PSYoungGen      total 54272K, used 49152K [0x00000007bc400000, 0x00000007c0000000, 0x00000007c0000000)
  eden space 47104K, 100% used [0x00000007bc400000,0x00000007bf200000,0x00000007bf200000)
  from space 7168K, 28% used [0x00000007bf200000,0x00000007bf400328,0x00000007bf900000)
  to   space 6656K, 0% used [0x00000007bf980000,0x00000007bf980000,0x00000007c0000000)
 ParOldGen       total 141824K, used 47486K [0x0000000700000000, 0x0000000708a80000, 0x00000007bc400000)
  object space 141824K, 33% used [0x0000000700000000,0x0000000702e5fb48,0x0000000708a80000)
 Metaspace       used 57466K, capacity 57847K, committed 58368K, reserved 1099776K
  class space    used 8270K, capacity 8348K, committed 8448K, reserved 1048576K
Event: 2161.614 GC heap after
Heap after GC invocations=119 (full 7):
 PSYoungGen      total 54784K, used 1867K [0x00000007bc400000, 0x00000007c0000000, 0x00000007c0000000)
  eden space 48128K, 0% used [0x00000007bc400000,0x00000007bc400000,0x00000007bf300000)
  from space 6656K, 28% used [0x00000007bf980000,0x00000007bfb52dc0,0x00000007c0000000)
  to   space 6656K, 0% used [0x00000007bf300000,0x00000007bf300000,0x00000007bf980000)
 ParOldGen       total 141824K, used 47486K [0x0000000700000000, 0x0000000708a80000, 0x00000007bc400000)
  object space 141824K, 33% used [0x0000000700000000,0x0000000702e5fb48,0x0000000708a80000)
 Metaspace       used 57466K, capacity 57847K, committed 58368K, reserved 1099776K
  class space    used 8270K, capacity 8348K, committed 8448K, reserved 1048576K
}
Event: 2210.171 GC heap before
{Heap before GC invocations=120 (full 7):
 PSYoungGen      total 54784K, used 49995K [0x00000007bc400000, 0x00000007c0000000, 0x00000007c0000000)
  eden space 48128K, 100% used [0x00000007bc400000,0x00000007bf300000,0x00000007bf300000)
  from space 6656K, 28% used [0x00000007bf980000,0x00000007bfb52dc0,0x00000007c0000000)
  to   space 6656K, 0% used [0x00000007bf300000,0x00000007bf300000,0x00000007bf980000)
 ParOldGen       total 141824K, used 47486K [0x0000000700000000, 0x0000000708a80000, 0x00000007bc400000)
  object space 141824K, 33% used [0x0000000700000000,0x0000000702e5fb48,0x0000000708a80000)
 Metaspace       used 57468K, capacity 57847K, committed 58368K, reserved 1099776K
  class space    used 8271K, capacity 8348K, committed 8448K, reserved 1048576K
Event: 2210.177 GC heap after
Heap after GC invocations=120 (full 7):
 PSYoungGen      total 54784K, used 1908K [0x00000007bc400000, 0x00000007c0000000, 0x00000007c0000000)
  eden space 48128K, 0% used [0x00000007bc400000,0x00000007bc400000,0x00000007bf300000)
  from space 6656K, 28% used [0x00000007bf300000,0x00000007bf4dd110,0x00000007bf980000)
  to   space 6656K, 0% used [0x00000007bf980000,0x00000007bf980000,0x00000007c0000000)
 ParOldGen       total 141824K, used 47486K [0x0000000700000000, 0x0000000708a80000, 0x00000007bc400000)
  object space 141824K, 33% used [0x0000000700000000,0x0000000702e5fb48,0x0000000708a80000)
 Metaspace       used 57468K, capacity 57847K, committed 58368K, reserved 1099776K
  class space    used 8271K, capacity 8348K, committed 8448K, reserved 1048576K
}
Event: 2242.299 GC heap before
{Heap before GC invocations=121 (full 7):
 PSYoungGen      total 54784K, used 50036K [0x00000007bc400000, 0x00000007c0000000, 0x00000007c0000000)
  eden space 48128K, 100% used [0x00000007bc400000,0x00000007bf300000,0x00000007bf300000)
  from space 6656K, 28% used [0x00000007bf300000,0x00000007bf4dd110,0x00000007bf980000)
  to   space 6656K, 0% used [0x00000007bf980000,0x00000007bf980000,0x00000007c0000000)
 ParOldGen       total 141824K, used 47486K [0x0000000700000000, 0x0000000708a80000, 0x00000007bc400000)
  object space 141824K, 33% used [0x0000000700000000,0x0000000702e5fb48,0x0000000708a80000)
 Metaspace       used 57524K, capacity 57929K, committed 58624K, reserved 1099776K
  class space    used 8271K, capacity 8349K, committed 8448K, reserved 1048576K
Event: 2242.309 GC heap after
Heap after GC invocations=121 (full 7):
 PSYoungGen      total 55296K, used 3103K [0x00000007bc400000, 0x00000007c0000000, 0x00000007c0000000)
  eden space 48640K, 0% used [0x00000007bc400000,0x00000007bc400000,0x00000007bf380000)
  from space 6656K, 46% used [0x00000007bf980000,0x00000007bfc87f40,0x00000007c0000000)
  to   space 6144K, 0% used [0x00000007bf380000,0x00000007bf380000,0x00000007bf980000)
 ParOldGen       total 141824K, used 47494K [0x0000000700000000, 0x0000000708a80000, 0x00000007bc400000)
  object space 141824K, 33% used [0x0000000700000000,0x0000000702e61b48,0x0000000708a80000)
 Metaspace       used 57524K, capacity 57929K, committed 58624K, reserved 1099776K
  class space    used 8271K, capacity 8349K, committed 8448K, reserved 1048576K
}
Event: 2303.194 GC heap before
{Heap before GC invocations=122 (full 7):
 PSYoungGen      total 55296K, used 51743K [0x00000007bc400000, 0x00000007c0000000, 0x00000007c0000000)
  eden space 48640K, 100% used [0x00000007bc400000,0x00000007bf380000,0x00000007bf380000)
  from space 6656K, 46% used [0x00000007bf980000,0x00000007bfc87f40,0x00000007c0000000)
  to   space 6144K, 0% used [0x00000007bf380000,0x00000007bf380000,0x00000007bf980000)
 ParOldGen       total 141824K, used 47494K [0x0000000700000000, 0x0000000708a80000, 0x00000007bc400000)
  object space 141824K, 33% used [0x0000000700000000,0x0000000702e61b48,0x0000000708a80000)
 Metaspace       used 57540K, capacity 57929K, committed 58624K, reserved 1099776K
  class space    used 8271K, capacity 8349K, committed 8448K, reserved 1048576K
Event: 2303.203 GC heap after
Heap after GC invocations=122 (full 7):
 PSYoungGen      total 54784K, used 3487K [0x00000007bc400000, 0x00000007c0000000, 0x00000007c0000000)
  eden space 48640K, 0% used [0x00000007bc400000,0x00000007bc400000,0x00000007bf380000)
  from space 6144K, 56% used [0x00000007bf380000,0x00000007bf6e7f40,0x00000007bf980000)
  to   space 6144K, 0% used [0x00000007bfa00000,0x00000007bfa00000,0x00000007c0000000)
 ParOldGen       total 141824K, used 47494K [0x0000000700000000, 0x0000000708a80000, 0x00000007bc400000)
  object space 141824K, 33% used [0x0000000700000000,0x0000000702e61b48,0x0000000708a80000)
 Metaspace       used 57540K, capacity 57929K, committed 58624K, reserved 1099776K
  class space    used 8271K, capacity 8349K, committed 8448K, reserved 1048576K
}
Event: 2373.741 GC heap before
{Heap before GC invocations=123 (full 7):
 PSYoungGen      total 54784K, used 52127K [0x00000007bc400000, 0x00000007c0000000, 0x00000007c0000000)
  eden space 48640K, 100% used [0x00000007bc400000,0x00000007bf380000,0x00000007bf380000)
  from space 6144K, 56% used [0x00000007bf380000,0x00000007bf6e7f40,0x00000007bf980000)
  to   space 6144K, 0% used [0x00000007bfa00000,0x00000007bfa00000,0x00000007c0000000)
 ParOldGen       total 141824K, used 47494K [0x0000000700000000, 0x0000000708a80000, 0x00000007bc400000)
  object space 141824K, 33% used [0x0000000700000000,0x0000000702e61b48,0x0000000708a80000)
 Metaspace       used 57611K, capacity 57993K, committed 58624K, reserved 1099776K
  class space    used 8278K, capacity 8349K, committed 8448K, reserved 1048576K
Event: 2373.751 GC heap after
Heap after GC invocations=123 (full 7):
 PSYoungGen      total 55296K, used 3850K [0x00000007bc400000, 0x00000007c0000000, 0x00000007c0000000)
  eden space 49152K, 0% used [0x00000007bc400000,0x00000007bc400000,0x00000007bf400000)
  from space 6144K, 62% used [0x00000007bfa00000,0x00000007bfdc28c0,0x00000007c0000000)
  to   space 6144K, 0% used [0x00000007bf400000,0x00000007bf400000,0x00000007bfa00000)
 ParOldGen       total 141824K, used 47494K [0x0000000700000000, 0x0000000708a80000, 0x00000007bc400000)
  object space 141824K, 33% used [0x0000000700000000,0x0000000702e61b48,0x0000000708a80000)
 Metaspace       used 57611K, capacity 57993K, committed 58624K, reserved 1099776K
  class space    used 8278K, capacity 8349K, committed 8448K, reserved 1048576K
}

