# JRE version: Java(TM) SE Runtime Environment (8.0_25-b18) (build 1.8.0_25-b18)
# Java VM: Java HotSpot(TM) 64-Bit Server VM (25.25-b02 mixed mode windows-amd64 compressed oops)
Heap:
 PSYoungGen      total 52224K, used 38837K [0x00000007bc400000, 0x00000007c0000000, 0x00000007c0000000)
  eden space 43008K, 81% used [0x00000007bc400000,0x00000007be622a88,0x00000007bee00000)
  from space 9216K, 42% used [0x00000007bee00000,0x00000007bf1cabc8,0x00000007bf700000)
  to   space 8704K, 0% used [0x00000007bf780000,0x00000007bf780000,0x00000007c0000000)
 ParOldGen       total 137728K, used 53863K [0x0000000700000000, 0x0000000708680000, 0x00000007bc400000)
  object space 137728K, 39% used [0x0000000700000000,0x0000000703499da0,0x0000000708680000)
 Metaspace       used 58281K, capacity 58639K, committed 59264K, reserved 1099776K
  class space    used 8198K, capacity 8266K, committed 8320K, reserved 1048576K
GC Heap History (10 events):
Event: 133608.846 GC heap before
{Heap before GC invocations=261 (full 24):
 PSYoungGen      total 51712K, used 48114K [0x00000007bc400000, 0x00000007c0000000, 0x00000007c0000000)
  eden space 41984K, 100% used [0x00000007bc400000,0x00000007bed00000,0x00000007bed00000)
  from space 9728K, 63% used [0x00000007bf680000,0x00000007bfc7c9f0,0x00000007c0000000)
  to   space 9728K, 0% used [0x00000007bed00000,0x00000007bed00000,0x00000007bf680000)
 ParOldGen       total 137728K, used 50555K [0x0000000700000000, 0x0000000708680000, 0x00000007bc400000)
  object space 137728K, 36% used [0x0000000700000000,0x000000070315ecd8,0x0000000708680000)
 Metaspace       used 58252K, capacity 58639K, committed 59264K, reserved 1099776K
  class space    used 8198K, capacity 8266K, committed 8320K, reserved 1048576K
Event: 133608.855 GC heap after
Heap after GC invocations=261 (full 24):
 PSYoungGen      total 51712K, used 5890K [0x00000007bc400000, 0x00000007c0000000, 0x00000007c0000000)
  eden space 41984K, 0% used [0x00000007bc400000,0x00000007bc400000,0x00000007bed00000)
  from space 9728K, 60% used [0x00000007bed00000,0x00000007bf2c0928,0x00000007bf680000)
  to   space 9728K, 0% used [0x00000007bf680000,0x00000007bf680000,0x00000007c0000000)
 ParOldGen       total 137728K, used 51626K [0x0000000700000000, 0x0000000708680000, 0x00000007bc400000)
  object space 137728K, 37% used [0x0000000700000000,0x000000070326ab78,0x0000000708680000)
 Metaspace       used 58252K, capacity 58639K, committed 59264K, reserved 1099776K
  class space    used 8198K, capacity 8266K, committed 8320K, reserved 1048576K
}
Event: 133656.454 GC heap before
{Heap before GC invocations=262 (full 24):
 PSYoungGen      total 51712K, used 47874K [0x00000007bc400000, 0x00000007c0000000, 0x00000007c0000000)
  eden space 41984K, 100% used [0x00000007bc400000,0x00000007bed00000,0x00000007bed00000)
  from space 9728K, 60% used [0x00000007bed00000,0x00000007bf2c0928,0x00000007bf680000)
  to   space 9728K, 0% used [0x00000007bf680000,0x00000007bf680000,0x00000007c0000000)
 ParOldGen       total 137728K, used 51626K [0x0000000700000000, 0x0000000708680000, 0x00000007bc400000)
  object space 137728K, 37% used [0x0000000700000000,0x000000070326ab78,0x0000000708680000)
 Metaspace       used 58256K, capacity 58639K, committed 59264K, reserved 1099776K
  class space    used 8198K, capacity 8266K, committed 8320K, reserved 1048576K
Event: 133656.462 GC heap after
Heap after GC invocations=262 (full 24):
 PSYoungGen      total 51712K, used 3580K [0x00000007bc400000, 0x00000007c0000000, 0x00000007c0000000)
  eden space 41984K, 0% used [0x00000007bc400000,0x00000007bc400000,0x00000007bed00000)
  from space 9728K, 36% used [0x00000007bf680000,0x00000007bf9ff2f0,0x00000007c0000000)
  to   space 9728K, 0% used [0x00000007bed00000,0x00000007bed00000,0x00000007bf680000)
 ParOldGen       total 137728K, used 53775K [0x0000000700000000, 0x0000000708680000, 0x00000007bc400000)
  object space 137728K, 39% used [0x0000000700000000,0x0000000703483da0,0x0000000708680000)
 Metaspace       used 58256K, capacity 58639K, committed 59264K, reserved 1099776K
  class space    used 8198K, capacity 8266K, committed 8320K, reserved 1048576K
}
Event: 133666.270 GC heap before
{Heap before GC invocations=263 (full 24):
 PSYoungGen      total 51712K, used 45564K [0x00000007bc400000, 0x00000007c0000000, 0x00000007c0000000)
  eden space 41984K, 100% used [0x00000007bc400000,0x00000007bed00000,0x00000007bed00000)
  from space 9728K, 36% used [0x00000007bf680000,0x00000007bf9ff2f0,0x00000007c0000000)
  to   space 9728K, 0% used [0x00000007bed00000,0x00000007bed00000,0x00000007bf680000)
 ParOldGen       total 137728K, used 53775K [0x0000000700000000, 0x0000000708680000, 0x00000007bc400000)
  object space 137728K, 39% used [0x0000000700000000,0x0000000703483da0,0x0000000708680000)
 Metaspace       used 58268K, capacity 58639K, committed 59264K, reserved 1099776K
  class space    used 8198K, capacity 8266K, committed 8320K, reserved 1048576K
Event: 133666.277 GC heap after
Heap after GC invocations=263 (full 24):
 PSYoungGen      total 51712K, used 5168K [0x00000007bc400000, 0x00000007c0000000, 0x00000007c0000000)
  eden space 41984K, 0% used [0x00000007bc400000,0x00000007bc400000,0x00000007bed00000)
  from space 9728K, 53% used [0x00000007bed00000,0x00000007bf20c330,0x00000007bf680000)
  to   space 9216K, 0% used [0x00000007bf700000,0x00000007bf700000,0x00000007c0000000)
 ParOldGen       total 137728K, used 53823K [0x0000000700000000, 0x0000000708680000, 0x00000007bc400000)
  object space 137728K, 39% used [0x0000000700000000,0x000000070348fda0,0x0000000708680000)
 Metaspace       used 58268K, capacity 58639K, committed 59264K, reserved 1099776K
  class space    used 8198K, capacity 8266K, committed 8320K, reserved 1048576K
}
Event: 133670.808 GC heap before
{Heap before GC invocations=264 (full 24):
 PSYoungGen      total 51712K, used 47152K [0x00000007bc400000, 0x00000007c0000000, 0x00000007c0000000)
  eden space 41984K, 100% used [0x00000007bc400000,0x00000007bed00000,0x00000007bed00000)
  from space 9728K, 53% used [0x00000007bed00000,0x00000007bf20c330,0x00000007bf680000)
  to   space 9216K, 0% used [0x00000007bf700000,0x00000007bf700000,0x00000007c0000000)
 ParOldGen       total 137728K, used 53823K [0x0000000700000000, 0x0000000708680000, 0x00000007bc400000)
  object space 137728K, 39% used [0x0000000700000000,0x000000070348fda0,0x0000000708680000)
 Metaspace       used 58269K, capacity 58639K, committed 59264K, reserved 1099776K
  class space    used 8198K, capacity 8266K, committed 8320K, reserved 1048576K
Event: 133670.815 GC heap after
Heap after GC invocations=264 (full 24):
 PSYoungGen      total 52224K, used 3870K [0x00000007bc400000, 0x00000007c0000000, 0x00000007c0000000)
  eden space 43008K, 0% used [0x00000007bc400000,0x00000007bc400000,0x00000007bee00000)
  from space 9216K, 41% used [0x00000007bf700000,0x00000007bfac7890,0x00000007c0000000)
  to   space 9216K, 0% used [0x00000007bee00000,0x00000007bee00000,0x00000007bf700000)
 ParOldGen       total 137728K, used 53847K [0x0000000700000000, 0x0000000708680000, 0x00000007bc400000)
  object space 137728K, 39% used [0x0000000700000000,0x0000000703495da0,0x0000000708680000)
 Metaspace       used 58269K, capacity 58639K, committed 59264K, reserved 1099776K
  class space    used 8198K, capacity 8266K, committed 8320K, reserved 1048576K
}
Event: 133675.835 GC heap before
{Heap before GC invocations=265 (full 24):
 PSYoungGen      total 52224K, used 46878K [0x00000007bc400000, 0x00000007c0000000, 0x00000007c0000000)
  eden space 43008K, 100% used [0x00000007bc400000,0x00000007bee00000,0x00000007bee00000)
  from space 9216K, 41% used [0x00000007bf700000,0x00000007bfac7890,0x00000007c0000000)
  to   space 9216K, 0% used [0x00000007bee00000,0x00000007bee00000,0x00000007bf700000)
 ParOldGen       total 137728K, used 53847K [0x0000000700000000, 0x0000000708680000, 0x00000007bc400000)
  object space 137728K, 39% used [0x0000000700000000,0x0000000703495da0,0x0000000708680000)
 Metaspace       used 58276K, capacity 58639K, committed 59264K, reserved 1099776K
  class space    used 8198K, capacity 8266K, committed 8320K, reserved 1048576K
Event: 133675.842 GC heap after
Heap after GC invocations=265 (full 24):
 PSYoungGen      total 52224K, used 3882K [0x00000007bc400000, 0x00000007c0000000, 0x00000007c0000000)
  eden space 43008K, 0% used [0x00000007bc400000,0x00000007bc400000,0x00000007bee00000)
  from space 9216K, 42% used [0x00000007bee00000,0x00000007bf1cabc8,0x00000007bf700000)
  to   space 8704K, 0% used [0x00000007bf780000,0x00000007bf780000,0x00000007c0000000)
 ParOldGen       total 137728K, used 53863K [0x0000000700000000, 0x0000000708680000, 0x00000007bc400000)
  object space 137728K, 39% used [0x0000000700000000,0x0000000703499da0,0x0000000708680000)
 Metaspace       used 58276K, capacity 58639K, committed 59264K, reserved 1099776K
  class space    used 8198K, capacity 8266K, committed 8320K, reserved 1048576K
}

